Setting up watches. Beware: since -r was given, this may take a while!
Watches established.
{"watched_filename": "/home/wonderfulkasey/temporary/", "event_names": "CREATE,ISDIR", "event_filename": "worldbuilder"}
{"watched_filename": "/home/wonderfulkasey/temporary/worldbuilder/", "event_names": "CREATE,ISDIR", "event_filename": ".git"}
{"watched_filename": "/home/wonderfulkasey/temporary/worldbuilder/", "event_names": "CREATE", "event_filename": "Gemfile"}
{"watched_filename": "/home/wonderfulkasey/temporary/worldbuilder/", "event_names": "CLOSE_WRITE,CLOSE", "event_filename": "Gemfile"}
{"watched_filename": "/home/wonderfulkasey/temporary/worldbuilder/", "event_names": "CLOSE_WRITE,CLOSE", "event_filename": "Gemfile"}
{"watched_filename": "/home/wonderfulkasey/temporary/worldbuilder/", "event_names": "CLOSE_WRITE,CLOSE", "event_filename": "Gemfile"}
{"watched_filename": "/home/wonderfulkasey/temporary/worldbuilder/", "event_names": "CREATE", "event_filename": "Gemfile.lock"}
{"watched_filename": "/home/wonderfulkasey/temporary/worldbuilder/", "event_names": "CLOSE_WRITE,CLOSE", "event_filename": "Gemfile.lock"}
{"watched_filename": "/home/wonderfulkasey/temporary/worldbuilder/", "event_names": "CREATE,ISDIR", "event_filename": "worldmaker"}
{"watched_filename": "/home/wonderfulkasey/temporary/worldbuilder/worldmaker/", "event_names": "CREATE", "event_filename": "README.md"}
{"watched_filename": "/home/wonderfulkasey/temporary/worldbuilder/worldmaker/", "event_names": "CLOSE_WRITE,CLOSE", "event_filename": "README.md"}
{"watched_filename": "/home/wonderfulkasey/temporary/worldbuilder/worldmaker/", "event_names": "CREATE", "event_filename": "Rakefile"}
{"watched_filename": "/home/wonderfulkasey/temporary/worldbuilder/worldmaker/", "event_names": "CLOSE_WRITE,CLOSE", "event_filename": "Rakefile"}
{"watched_filename": "/home/wonderfulkasey/temporary/worldbuilder/worldmaker/", "event_names": "CREATE", "event_filename": ".ruby-version"}
{"watched_filename": "/home/wonderfulkasey/temporary/worldbuilder/worldmaker/", "event_names": "CLOSE_WRITE,CLOSE", "event_filename": ".ruby-version"}
{"watched_filename": "/home/wonderfulkasey/temporary/worldbuilder/worldmaker/", "event_names": "CREATE", "event_filename": "config.ru"}
{"watched_filename": "/home/wonderfulkasey/temporary/worldbuilder/worldmaker/", "event_names": "CLOSE_WRITE,CLOSE", "event_filename": "config.ru"}
{"watched_filename": "/home/wonderfulkasey/temporary/worldbuilder/worldmaker/", "event_names": "CREATE", "event_filename": ".gitignore"}
{"watched_filename": "/home/wonderfulkasey/temporary/worldbuilder/worldmaker/", "event_names": "CLOSE_WRITE,CLOSE", "event_filename": ".gitignore"}
{"watched_filename": "/home/wonderfulkasey/temporary/worldbuilder/worldmaker/", "event_names": "CREATE", "event_filename": "Gemfile"}
{"watched_filename": "/home/wonderfulkasey/temporary/worldbuilder/worldmaker/", "event_names": "CLOSE_WRITE,CLOSE", "event_filename": "Gemfile"}
{"watched_filename": "/home/wonderfulkasey/temporary/worldbuilder/worldmaker/", "event_names": "CREATE,ISDIR", "event_filename": ".git"}
{"watched_filename": "/home/wonderfulkasey/temporary/worldbuilder/worldmaker/", "event_names": "CREATE", "event_filename": "package.json"}
{"watched_filename": "/home/wonderfulkasey/temporary/worldbuilder/worldmaker/", "event_names": "CLOSE_WRITE,CLOSE", "event_filename": "package.json"}
{"watched_filename": "/home/wonderfulkasey/temporary/worldbuilder/worldmaker/", "event_names": "CREATE,ISDIR", "event_filename": "app"}
{"watched_filename": "/home/wonderfulkasey/temporary/worldbuilder/worldmaker/app/", "event_names": "CREATE,ISDIR", "event_filename": "assets"}
{"watched_filename": "/home/wonderfulkasey/temporary/worldbuilder/worldmaker/app/assets/config/", "event_names": "CLOSE_WRITE,CLOSE", "event_filename": "manifest.js"}
{"watched_filename": "/home/wonderfulkasey/temporary/worldbuilder/worldmaker/app/assets/", "event_names": "CREATE,ISDIR", "event_filename": "javascripts"}
{"watched_filename": "/home/wonderfulkasey/temporary/worldbuilder/worldmaker/app/assets/javascripts/", "event_names": "CLOSE_WRITE,CLOSE", "event_filename": "application.js"}
{"watched_filename": "/home/wonderfulkasey/temporary/worldbuilder/worldmaker/app/assets/javascripts/", "event_names": "CREATE", "event_filename": "cable.js"}
{"watched_filename": "/home/wonderfulkasey/temporary/worldbuilder/worldmaker/app/assets/javascripts/", "event_names": "CLOSE_WRITE,CLOSE", "event_filename": "cable.js"}
{"watched_filename": "/home/wonderfulkasey/temporary/worldbuilder/worldmaker/app/assets/", "event_names": "CREATE,ISDIR", "event_filename": "stylesheets"}
{"watched_filename": "/home/wonderfulkasey/temporary/worldbuilder/worldmaker/app/assets/stylesheets/", "event_names": "CLOSE_WRITE,CLOSE", "event_filename": "application.css"}
{"watched_filename": "/home/wonderfulkasey/temporary/worldbuilder/worldmaker/app/", "event_names": "CREATE,ISDIR", "event_filename": "channels"}
{"watched_filename": "/home/wonderfulkasey/temporary/worldbuilder/worldmaker/app/channels/application_cable/", "event_names": "CLOSE_WRITE,CLOSE", "event_filename": "channel.rb"}
{"watched_filename": "/home/wonderfulkasey/temporary/worldbuilder/worldmaker/app/channels/application_cable/", "event_names": "CREATE", "event_filename": "connection.rb"}
{"watched_filename": "/home/wonderfulkasey/temporary/worldbuilder/worldmaker/app/channels/application_cable/", "event_names": "CLOSE_WRITE,CLOSE", "event_filename": "connection.rb"}
{"watched_filename": "/home/wonderfulkasey/temporary/worldbuilder/worldmaker/app/", "event_names": "CREATE,ISDIR", "event_filename": "controllers"}
{"watched_filename": "/home/wonderfulkasey/temporary/worldbuilder/worldmaker/app/controllers/", "event_names": "CLOSE_WRITE,CLOSE", "event_filename": "application_controller.rb"}
{"watched_filename": "/home/wonderfulkasey/temporary/worldbuilder/worldmaker/app/", "event_names": "CREATE,ISDIR", "event_filename": "helpers"}
{"watched_filename": "/home/wonderfulkasey/temporary/worldbuilder/worldmaker/app/helpers/", "event_names": "CLOSE_WRITE,CLOSE", "event_filename": "application_helper.rb"}
{"watched_filename": "/home/wonderfulkasey/temporary/worldbuilder/worldmaker/app/", "event_names": "CREATE,ISDIR", "event_filename": "jobs"}
{"watched_filename": "/home/wonderfulkasey/temporary/worldbuilder/worldmaker/app/jobs/", "event_names": "CLOSE_WRITE,CLOSE", "event_filename": "application_job.rb"}
{"watched_filename": "/home/wonderfulkasey/temporary/worldbuilder/worldmaker/app/", "event_names": "CREATE,ISDIR", "event_filename": "mailers"}
{"watched_filename": "/home/wonderfulkasey/temporary/worldbuilder/worldmaker/app/mailers/", "event_names": "CLOSE_WRITE,CLOSE", "event_filename": "application_mailer.rb"}
{"watched_filename": "/home/wonderfulkasey/temporary/worldbuilder/worldmaker/app/", "event_names": "CREATE,ISDIR", "event_filename": "models"}
{"watched_filename": "/home/wonderfulkasey/temporary/worldbuilder/worldmaker/app/models/", "event_names": "CLOSE_WRITE,CLOSE", "event_filename": "application_record.rb"}
{"watched_filename": "/home/wonderfulkasey/temporary/worldbuilder/worldmaker/app/", "event_names": "CREATE,ISDIR", "event_filename": "views"}
{"watched_filename": "/home/wonderfulkasey/temporary/worldbuilder/worldmaker/app/views/", "event_names": "CREATE,ISDIR", "event_filename": "layouts"}
{"watched_filename": "/home/wonderfulkasey/temporary/worldbuilder/worldmaker/app/views/layouts/", "event_names": "CLOSE_WRITE,CLOSE", "event_filename": "application.html.erb"}
{"watched_filename": "/home/wonderfulkasey/temporary/worldbuilder/worldmaker/app/views/layouts/", "event_names": "CREATE", "event_filename": "mailer.html.erb"}
{"watched_filename": "/home/wonderfulkasey/temporary/worldbuilder/worldmaker/app/views/layouts/", "event_names": "CLOSE_WRITE,CLOSE", "event_filename": "mailer.html.erb"}
{"watched_filename": "/home/wonderfulkasey/temporary/worldbuilder/worldmaker/app/views/layouts/", "event_names": "CREATE", "event_filename": "mailer.text.erb"}
{"watched_filename": "/home/wonderfulkasey/temporary/worldbuilder/worldmaker/app/views/layouts/", "event_names": "CLOSE_WRITE,CLOSE", "event_filename": "mailer.text.erb"}
{"watched_filename": "/home/wonderfulkasey/temporary/worldbuilder/worldmaker/app/assets/", "event_names": "CREATE,ISDIR", "event_filename": "images"}
{"watched_filename": "/home/wonderfulkasey/temporary/worldbuilder/worldmaker/app/assets/javascripts/", "event_names": "CREATE,ISDIR", "event_filename": "channels"}
{"watched_filename": "/home/wonderfulkasey/temporary/worldbuilder/worldmaker/app/assets/javascripts/channels/", "event_names": "CREATE", "event_filename": ".keep"}
{"watched_filename": "/home/wonderfulkasey/temporary/worldbuilder/worldmaker/app/assets/javascripts/channels/", "event_names": "CLOSE_WRITE,CLOSE", "event_filename": ".keep"}
{"watched_filename": "/home/wonderfulkasey/temporary/worldbuilder/worldmaker/app/controllers/", "event_names": "CREATE,ISDIR", "event_filename": "concerns"}
{"watched_filename": "/home/wonderfulkasey/temporary/worldbuilder/worldmaker/app/controllers/concerns/", "event_names": "CLOSE_WRITE,CLOSE", "event_filename": ".keep"}
{"watched_filename": "/home/wonderfulkasey/temporary/worldbuilder/worldmaker/app/models/", "event_names": "CREATE,ISDIR", "event_filename": "concerns"}
{"watched_filename": "/home/wonderfulkasey/temporary/worldbuilder/worldmaker/", "event_names": "CREATE,ISDIR", "event_filename": "bin"}
{"watched_filename": "/home/wonderfulkasey/temporary/worldbuilder/worldmaker/bin/", "event_names": "CREATE", "event_filename": "bundle"}
{"watched_filename": "/home/wonderfulkasey/temporary/worldbuilder/worldmaker/bin/", "event_names": "CLOSE_WRITE,CLOSE", "event_filename": "bundle"}
{"watched_filename": "/home/wonderfulkasey/temporary/worldbuilder/worldmaker/bin/", "event_names": "CREATE", "event_filename": "rails"}
{"watched_filename": "/home/wonderfulkasey/temporary/worldbuilder/worldmaker/bin/", "event_names": "CLOSE_WRITE,CLOSE", "event_filename": "rails"}
{"watched_filename": "/home/wonderfulkasey/temporary/worldbuilder/worldmaker/bin/", "event_names": "CREATE", "event_filename": "rake"}
{"watched_filename": "/home/wonderfulkasey/temporary/worldbuilder/worldmaker/bin/", "event_names": "CLOSE_WRITE,CLOSE", "event_filename": "rake"}
{"watched_filename": "/home/wonderfulkasey/temporary/worldbuilder/worldmaker/bin/", "event_names": "CREATE", "event_filename": "setup"}
{"watched_filename": "/home/wonderfulkasey/temporary/worldbuilder/worldmaker/bin/", "event_names": "CLOSE_WRITE,CLOSE", "event_filename": "setup"}
{"watched_filename": "/home/wonderfulkasey/temporary/worldbuilder/worldmaker/bin/", "event_names": "CREATE", "event_filename": "update"}
{"watched_filename": "/home/wonderfulkasey/temporary/worldbuilder/worldmaker/bin/", "event_names": "CLOSE_WRITE,CLOSE", "event_filename": "update"}
{"watched_filename": "/home/wonderfulkasey/temporary/worldbuilder/worldmaker/bin/", "event_names": "CREATE", "event_filename": "yarn"}
{"watched_filename": "/home/wonderfulkasey/temporary/worldbuilder/worldmaker/bin/", "event_names": "CLOSE_WRITE,CLOSE", "event_filename": "yarn"}
{"watched_filename": "/home/wonderfulkasey/temporary/worldbuilder/worldmaker/", "event_names": "CREATE,ISDIR", "event_filename": "config"}
{"watched_filename": "/home/wonderfulkasey/temporary/worldbuilder/worldmaker/config/", "event_names": "CREATE", "event_filename": "routes.rb"}
{"watched_filename": "/home/wonderfulkasey/temporary/worldbuilder/worldmaker/config/", "event_names": "CLOSE_WRITE,CLOSE", "event_filename": "routes.rb"}
{"watched_filename": "/home/wonderfulkasey/temporary/worldbuilder/worldmaker/config/", "event_names": "CREATE", "event_filename": "application.rb"}
{"watched_filename": "/home/wonderfulkasey/temporary/worldbuilder/worldmaker/config/", "event_names": "CLOSE_WRITE,CLOSE", "event_filename": "application.rb"}
{"watched_filename": "/home/wonderfulkasey/temporary/worldbuilder/worldmaker/config/", "event_names": "CREATE", "event_filename": "environment.rb"}
{"watched_filename": "/home/wonderfulkasey/temporary/worldbuilder/worldmaker/config/", "event_names": "CLOSE_WRITE,CLOSE", "event_filename": "environment.rb"}
{"watched_filename": "/home/wonderfulkasey/temporary/worldbuilder/worldmaker/config/", "event_names": "CREATE", "event_filename": "cable.yml"}
{"watched_filename": "/home/wonderfulkasey/temporary/worldbuilder/worldmaker/config/", "event_names": "CLOSE_WRITE,CLOSE", "event_filename": "cable.yml"}
{"watched_filename": "/home/wonderfulkasey/temporary/worldbuilder/worldmaker/config/", "event_names": "CREATE", "event_filename": "puma.rb"}
{"watched_filename": "/home/wonderfulkasey/temporary/worldbuilder/worldmaker/config/", "event_names": "CLOSE_WRITE,CLOSE", "event_filename": "puma.rb"}
{"watched_filename": "/home/wonderfulkasey/temporary/worldbuilder/worldmaker/config/", "event_names": "CREATE", "event_filename": "spring.rb"}
{"watched_filename": "/home/wonderfulkasey/temporary/worldbuilder/worldmaker/config/", "event_names": "CLOSE_WRITE,CLOSE", "event_filename": "spring.rb"}
{"watched_filename": "/home/wonderfulkasey/temporary/worldbuilder/worldmaker/config/", "event_names": "CREATE", "event_filename": "storage.yml"}
{"watched_filename": "/home/wonderfulkasey/temporary/worldbuilder/worldmaker/config/", "event_names": "CLOSE_WRITE,CLOSE", "event_filename": "storage.yml"}
{"watched_filename": "/home/wonderfulkasey/temporary/worldbuilder/worldmaker/config/", "event_names": "CREATE,ISDIR", "event_filename": "environments"}
{"watched_filename": "/home/wonderfulkasey/temporary/worldbuilder/worldmaker/config/environments/", "event_names": "CREATE", "event_filename": "development.rb"}
{"watched_filename": "/home/wonderfulkasey/temporary/worldbuilder/worldmaker/config/environments/", "event_names": "CLOSE_WRITE,CLOSE", "event_filename": "development.rb"}
{"watched_filename": "/home/wonderfulkasey/temporary/worldbuilder/worldmaker/config/environments/", "event_names": "CREATE", "event_filename": "production.rb"}
{"watched_filename": "/home/wonderfulkasey/temporary/worldbuilder/worldmaker/config/environments/", "event_names": "CLOSE_WRITE,CLOSE", "event_filename": "production.rb"}
{"watched_filename": "/home/wonderfulkasey/temporary/worldbuilder/worldmaker/config/environments/", "event_names": "CREATE", "event_filename": "test.rb"}
{"watched_filename": "/home/wonderfulkasey/temporary/worldbuilder/worldmaker/config/environments/", "event_names": "CLOSE_WRITE,CLOSE", "event_filename": "test.rb"}
{"watched_filename": "/home/wonderfulkasey/temporary/worldbuilder/worldmaker/config/", "event_names": "CREATE,ISDIR", "event_filename": "initializers"}
{"watched_filename": "/home/wonderfulkasey/temporary/worldbuilder/worldmaker/config/initializers/", "event_names": "CREATE", "event_filename": "application_controller_renderer.rb"}
{"watched_filename": "/home/wonderfulkasey/temporary/worldbuilder/worldmaker/config/initializers/", "event_names": "CLOSE_WRITE,CLOSE", "event_filename": "application_controller_renderer.rb"}
{"watched_filename": "/home/wonderfulkasey/temporary/worldbuilder/worldmaker/config/initializers/", "event_names": "CREATE", "event_filename": "assets.rb"}
{"watched_filename": "/home/wonderfulkasey/temporary/worldbuilder/worldmaker/config/initializers/", "event_names": "CLOSE_WRITE,CLOSE", "event_filename": "assets.rb"}
{"watched_filename": "/home/wonderfulkasey/temporary/worldbuilder/worldmaker/config/initializers/", "event_names": "CREATE", "event_filename": "backtrace_silencers.rb"}
{"watched_filename": "/home/wonderfulkasey/temporary/worldbuilder/worldmaker/config/initializers/", "event_names": "CLOSE_WRITE,CLOSE", "event_filename": "backtrace_silencers.rb"}
{"watched_filename": "/home/wonderfulkasey/temporary/worldbuilder/worldmaker/config/initializers/", "event_names": "CREATE", "event_filename": "content_security_policy.rb"}
{"watched_filename": "/home/wonderfulkasey/temporary/worldbuilder/worldmaker/config/initializers/", "event_names": "CLOSE_WRITE,CLOSE", "event_filename": "content_security_policy.rb"}
{"watched_filename": "/home/wonderfulkasey/temporary/worldbuilder/worldmaker/config/initializers/", "event_names": "CREATE", "event_filename": "cookies_serializer.rb"}
{"watched_filename": "/home/wonderfulkasey/temporary/worldbuilder/worldmaker/config/initializers/", "event_names": "CLOSE_WRITE,CLOSE", "event_filename": "cookies_serializer.rb"}
{"watched_filename": "/home/wonderfulkasey/temporary/worldbuilder/worldmaker/config/initializers/", "event_names": "CREATE", "event_filename": "cors.rb"}
{"watched_filename": "/home/wonderfulkasey/temporary/worldbuilder/worldmaker/config/initializers/", "event_names": "CLOSE_WRITE,CLOSE", "event_filename": "cors.rb"}
{"watched_filename": "/home/wonderfulkasey/temporary/worldbuilder/worldmaker/config/initializers/", "event_names": "CREATE", "event_filename": "filter_parameter_logging.rb"}
{"watched_filename": "/home/wonderfulkasey/temporary/worldbuilder/worldmaker/config/initializers/", "event_names": "CLOSE_WRITE,CLOSE", "event_filename": "filter_parameter_logging.rb"}
{"watched_filename": "/home/wonderfulkasey/temporary/worldbuilder/worldmaker/config/initializers/", "event_names": "CREATE", "event_filename": "inflections.rb"}
{"watched_filename": "/home/wonderfulkasey/temporary/worldbuilder/worldmaker/config/initializers/", "event_names": "CLOSE_WRITE,CLOSE", "event_filename": "inflections.rb"}
{"watched_filename": "/home/wonderfulkasey/temporary/worldbuilder/worldmaker/config/initializers/", "event_names": "CREATE", "event_filename": "mime_types.rb"}
{"watched_filename": "/home/wonderfulkasey/temporary/worldbuilder/worldmaker/config/initializers/", "event_names": "CLOSE_WRITE,CLOSE", "event_filename": "mime_types.rb"}
{"watched_filename": "/home/wonderfulkasey/temporary/worldbuilder/worldmaker/config/initializers/", "event_names": "CREATE", "event_filename": "new_framework_defaults_5_2.rb"}
{"watched_filename": "/home/wonderfulkasey/temporary/worldbuilder/worldmaker/config/initializers/", "event_names": "CLOSE_WRITE,CLOSE", "event_filename": "new_framework_defaults_5_2.rb"}
{"watched_filename": "/home/wonderfulkasey/temporary/worldbuilder/worldmaker/config/initializers/", "event_names": "CREATE", "event_filename": "wrap_parameters.rb"}
{"watched_filename": "/home/wonderfulkasey/temporary/worldbuilder/worldmaker/config/initializers/", "event_names": "CLOSE_WRITE,CLOSE", "event_filename": "wrap_parameters.rb"}
{"watched_filename": "/home/wonderfulkasey/temporary/worldbuilder/worldmaker/config/", "event_names": "CREATE,ISDIR", "event_filename": "locales"}
{"watched_filename": "/home/wonderfulkasey/temporary/worldbuilder/worldmaker/config/locales/", "event_names": "CREATE", "event_filename": "en.yml"}
{"watched_filename": "/home/wonderfulkasey/temporary/worldbuilder/worldmaker/config/locales/", "event_names": "CLOSE_WRITE,CLOSE", "event_filename": "en.yml"}
{"watched_filename": "/home/wonderfulkasey/temporary/worldbuilder/worldmaker/config/", "event_names": "CREATE", "event_filename": "master.key"}
{"watched_filename": "/home/wonderfulkasey/temporary/worldbuilder/worldmaker/config/", "event_names": "CLOSE_WRITE,CLOSE", "event_filename": "master.key"}
{"watched_filename": "/home/wonderfulkasey/temporary/worldbuilder/worldmaker/", "event_names": "CLOSE_WRITE,CLOSE", "event_filename": ".gitignore"}
{"watched_filename": "/home/wonderfulkasey/temporary/worldbuilder/worldmaker/config/", "event_names": "CREATE", "event_filename": "credentials.yml.enc.tmp"}
{"watched_filename": "/home/wonderfulkasey/temporary/worldbuilder/worldmaker/config/", "event_names": "CLOSE_WRITE,CLOSE", "event_filename": "credentials.yml.enc.tmp"}
{"watched_filename": "/home/wonderfulkasey/temporary/worldbuilder/worldmaker/config/", "event_names": "MOVED_FROM", "event_filename": "credentials.yml.enc.tmp"}
{"watched_filename": "/home/wonderfulkasey/temporary/worldbuilder/worldmaker/config/", "event_names": "MOVED_TO", "event_filename": "credentials.yml.enc"}
{"watched_filename": "/home/wonderfulkasey/temporary/worldbuilder/worldmaker/config/", "event_names": "CREATE", "event_filename": "boot.rb"}
{"watched_filename": "/home/wonderfulkasey/temporary/worldbuilder/worldmaker/config/", "event_names": "CLOSE_WRITE,CLOSE", "event_filename": "boot.rb"}
{"watched_filename": "/home/wonderfulkasey/temporary/worldbuilder/worldmaker/config/", "event_names": "CREATE", "event_filename": "database.yml"}
{"watched_filename": "/home/wonderfulkasey/temporary/worldbuilder/worldmaker/config/", "event_names": "CLOSE_WRITE,CLOSE", "event_filename": "database.yml"}
{"watched_filename": "/home/wonderfulkasey/temporary/worldbuilder/worldmaker/", "event_names": "CREATE,ISDIR", "event_filename": "db"}
{"watched_filename": "/home/wonderfulkasey/temporary/worldbuilder/worldmaker/db/", "event_names": "CREATE", "event_filename": "seeds.rb"}
{"watched_filename": "/home/wonderfulkasey/temporary/worldbuilder/worldmaker/db/", "event_names": "CLOSE_WRITE,CLOSE", "event_filename": "seeds.rb"}
{"watched_filename": "/home/wonderfulkasey/temporary/worldbuilder/worldmaker/", "event_names": "CREATE,ISDIR", "event_filename": "lib"}
{"watched_filename": "/home/wonderfulkasey/temporary/worldbuilder/worldmaker/lib/", "event_names": "CREATE,ISDIR", "event_filename": "tasks"}
{"watched_filename": "/home/wonderfulkasey/temporary/worldbuilder/worldmaker/lib/tasks/", "event_names": "CREATE", "event_filename": ".keep"}
{"watched_filename": "/home/wonderfulkasey/temporary/worldbuilder/worldmaker/lib/tasks/", "event_names": "CLOSE_WRITE,CLOSE", "event_filename": ".keep"}
{"watched_filename": "/home/wonderfulkasey/temporary/worldbuilder/worldmaker/lib/", "event_names": "CREATE,ISDIR", "event_filename": "assets"}
{"watched_filename": "/home/wonderfulkasey/temporary/worldbuilder/worldmaker/lib/assets/", "event_names": "CREATE", "event_filename": ".keep"}
{"watched_filename": "/home/wonderfulkasey/temporary/worldbuilder/worldmaker/lib/assets/", "event_names": "CLOSE_WRITE,CLOSE", "event_filename": ".keep"}
{"watched_filename": "/home/wonderfulkasey/temporary/worldbuilder/worldmaker/", "event_names": "CREATE,ISDIR", "event_filename": "log"}
{"watched_filename": "/home/wonderfulkasey/temporary/worldbuilder/worldmaker/log/", "event_names": "CREATE", "event_filename": ".keep"}
{"watched_filename": "/home/wonderfulkasey/temporary/worldbuilder/worldmaker/log/", "event_names": "CLOSE_WRITE,CLOSE", "event_filename": ".keep"}
{"watched_filename": "/home/wonderfulkasey/temporary/worldbuilder/worldmaker/", "event_names": "CREATE,ISDIR", "event_filename": "public"}
{"watched_filename": "/home/wonderfulkasey/temporary/worldbuilder/worldmaker/public/", "event_names": "CREATE", "event_filename": "404.html"}
{"watched_filename": "/home/wonderfulkasey/temporary/worldbuilder/worldmaker/public/", "event_names": "CLOSE_WRITE,CLOSE", "event_filename": "404.html"}
{"watched_filename": "/home/wonderfulkasey/temporary/worldbuilder/worldmaker/public/", "event_names": "CREATE", "event_filename": "422.html"}
{"watched_filename": "/home/wonderfulkasey/temporary/worldbuilder/worldmaker/public/", "event_names": "CLOSE_WRITE,CLOSE", "event_filename": "422.html"}
{"watched_filename": "/home/wonderfulkasey/temporary/worldbuilder/worldmaker/public/", "event_names": "CREATE", "event_filename": "500.html"}
{"watched_filename": "/home/wonderfulkasey/temporary/worldbuilder/worldmaker/public/", "event_names": "CLOSE_WRITE,CLOSE", "event_filename": "500.html"}
{"watched_filename": "/home/wonderfulkasey/temporary/worldbuilder/worldmaker/public/", "event_names": "CREATE", "event_filename": "apple-touch-icon-precomposed.png"}
{"watched_filename": "/home/wonderfulkasey/temporary/worldbuilder/worldmaker/public/", "event_names": "CLOSE_WRITE,CLOSE", "event_filename": "apple-touch-icon-precomposed.png"}
{"watched_filename": "/home/wonderfulkasey/temporary/worldbuilder/worldmaker/public/", "event_names": "CREATE", "event_filename": "apple-touch-icon.png"}
{"watched_filename": "/home/wonderfulkasey/temporary/worldbuilder/worldmaker/public/", "event_names": "CLOSE_WRITE,CLOSE", "event_filename": "apple-touch-icon.png"}
{"watched_filename": "/home/wonderfulkasey/temporary/worldbuilder/worldmaker/public/", "event_names": "CREATE", "event_filename": "favicon.ico"}
{"watched_filename": "/home/wonderfulkasey/temporary/worldbuilder/worldmaker/public/", "event_names": "CLOSE_WRITE,CLOSE", "event_filename": "favicon.ico"}
{"watched_filename": "/home/wonderfulkasey/temporary/worldbuilder/worldmaker/public/", "event_names": "CREATE", "event_filename": "robots.txt"}
{"watched_filename": "/home/wonderfulkasey/temporary/worldbuilder/worldmaker/public/", "event_names": "CLOSE_WRITE,CLOSE", "event_filename": "robots.txt"}
{"watched_filename": "/home/wonderfulkasey/temporary/worldbuilder/worldmaker/", "event_names": "CREATE,ISDIR", "event_filename": "tmp"}
{"watched_filename": "/home/wonderfulkasey/temporary/worldbuilder/worldmaker/", "event_names": "CREATE,ISDIR", "event_filename": "vendor"}
{"watched_filename": "/home/wonderfulkasey/temporary/worldbuilder/worldmaker/vendor/", "event_names": "CREATE", "event_filename": ".keep"}
{"watched_filename": "/home/wonderfulkasey/temporary/worldbuilder/worldmaker/vendor/", "event_names": "CLOSE_WRITE,CLOSE", "event_filename": ".keep"}
{"watched_filename": "/home/wonderfulkasey/temporary/worldbuilder/worldmaker/", "event_names": "CREATE,ISDIR", "event_filename": "test"}
{"watched_filename": "/home/wonderfulkasey/temporary/worldbuilder/worldmaker/test/fixtures/", "event_names": "CREATE", "event_filename": ".keep"}
{"watched_filename": "/home/wonderfulkasey/temporary/worldbuilder/worldmaker/test/fixtures/", "event_names": "CLOSE_WRITE,CLOSE", "event_filename": ".keep"}
{"watched_filename": "/home/wonderfulkasey/temporary/worldbuilder/worldmaker/test/fixtures/", "event_names": "CREATE,ISDIR", "event_filename": "files"}
{"watched_filename": "/home/wonderfulkasey/temporary/worldbuilder/worldmaker/test/fixtures/files/", "event_names": "CREATE", "event_filename": ".keep"}
{"watched_filename": "/home/wonderfulkasey/temporary/worldbuilder/worldmaker/test/fixtures/files/", "event_names": "CLOSE_WRITE,CLOSE", "event_filename": ".keep"}
{"watched_filename": "/home/wonderfulkasey/temporary/worldbuilder/worldmaker/test/", "event_names": "CREATE,ISDIR", "event_filename": "controllers"}
{"watched_filename": "/home/wonderfulkasey/temporary/worldbuilder/worldmaker/test/controllers/", "event_names": "CREATE", "event_filename": ".keep"}
{"watched_filename": "/home/wonderfulkasey/temporary/worldbuilder/worldmaker/test/controllers/", "event_names": "CLOSE_WRITE,CLOSE", "event_filename": ".keep"}
{"watched_filename": "/home/wonderfulkasey/temporary/worldbuilder/worldmaker/test/", "event_names": "CREATE,ISDIR", "event_filename": "mailers"}
{"watched_filename": "/home/wonderfulkasey/temporary/worldbuilder/worldmaker/test/mailers/", "event_names": "CREATE", "event_filename": ".keep"}
{"watched_filename": "/home/wonderfulkasey/temporary/worldbuilder/worldmaker/test/mailers/", "event_names": "CLOSE_WRITE,CLOSE", "event_filename": ".keep"}
{"watched_filename": "/home/wonderfulkasey/temporary/worldbuilder/worldmaker/test/", "event_names": "CREATE,ISDIR", "event_filename": "models"}
{"watched_filename": "/home/wonderfulkasey/temporary/worldbuilder/worldmaker/test/models/", "event_names": "CREATE", "event_filename": ".keep"}
{"watched_filename": "/home/wonderfulkasey/temporary/worldbuilder/worldmaker/test/models/", "event_names": "CLOSE_WRITE,CLOSE", "event_filename": ".keep"}
{"watched_filename": "/home/wonderfulkasey/temporary/worldbuilder/worldmaker/test/", "event_names": "CREATE,ISDIR", "event_filename": "helpers"}
{"watched_filename": "/home/wonderfulkasey/temporary/worldbuilder/worldmaker/test/helpers/", "event_names": "CREATE", "event_filename": ".keep"}
{"watched_filename": "/home/wonderfulkasey/temporary/worldbuilder/worldmaker/test/helpers/", "event_names": "CLOSE_WRITE,CLOSE", "event_filename": ".keep"}
{"watched_filename": "/home/wonderfulkasey/temporary/worldbuilder/worldmaker/test/", "event_names": "CREATE,ISDIR", "event_filename": "integration"}
{"watched_filename": "/home/wonderfulkasey/temporary/worldbuilder/worldmaker/test/integration/", "event_names": "CREATE", "event_filename": ".keep"}
{"watched_filename": "/home/wonderfulkasey/temporary/worldbuilder/worldmaker/test/integration/", "event_names": "CLOSE_WRITE,CLOSE", "event_filename": ".keep"}
{"watched_filename": "/home/wonderfulkasey/temporary/worldbuilder/worldmaker/test/", "event_names": "CREATE", "event_filename": "test_helper.rb"}
{"watched_filename": "/home/wonderfulkasey/temporary/worldbuilder/worldmaker/test/", "event_names": "CLOSE_WRITE,CLOSE", "event_filename": "test_helper.rb"}
{"watched_filename": "/home/wonderfulkasey/temporary/worldbuilder/worldmaker/test/", "event_names": "CREATE,ISDIR", "event_filename": "system"}
{"watched_filename": "/home/wonderfulkasey/temporary/worldbuilder/worldmaker/test/system/", "event_names": "CREATE", "event_filename": ".keep"}
{"watched_filename": "/home/wonderfulkasey/temporary/worldbuilder/worldmaker/test/system/", "event_names": "CLOSE_WRITE,CLOSE", "event_filename": ".keep"}
{"watched_filename": "/home/wonderfulkasey/temporary/worldbuilder/worldmaker/test/", "event_names": "CREATE", "event_filename": "application_system_test_case.rb"}
{"watched_filename": "/home/wonderfulkasey/temporary/worldbuilder/worldmaker/test/", "event_names": "CLOSE_WRITE,CLOSE", "event_filename": "application_system_test_case.rb"}
{"watched_filename": "/home/wonderfulkasey/temporary/worldbuilder/worldmaker/", "event_names": "CREATE,ISDIR", "event_filename": "storage"}
{"watched_filename": "/home/wonderfulkasey/temporary/worldbuilder/worldmaker/storage/", "event_names": "CREATE", "event_filename": ".keep"}
{"watched_filename": "/home/wonderfulkasey/temporary/worldbuilder/worldmaker/storage/", "event_names": "CLOSE_WRITE,CLOSE", "event_filename": ".keep"}
{"watched_filename": "/home/wonderfulkasey/temporary/worldbuilder/worldmaker/config/initializers/", "event_names": "DELETE", "event_filename": "cors.rb"}
{"watched_filename": "/home/wonderfulkasey/temporary/worldbuilder/worldmaker/config/initializers/", "event_names": "DELETE", "event_filename": "new_framework_defaults_5_2.rb"}
{"watched_filename": "/home/wonderfulkasey/temporary/worldbuilder/worldmaker/", "event_names": "CREATE", "event_filename": "Gemfile.lock"}
{"watched_filename": "/home/wonderfulkasey/temporary/worldbuilder/worldmaker/", "event_names": "CLOSE_WRITE,CLOSE", "event_filename": "Gemfile.lock"}
{"watched_filename": "/home/wonderfulkasey/temporary/worldbuilder/worldmaker/bin/", "event_names": "CREATE", "event_filename": "spring"}
{"watched_filename": "/home/wonderfulkasey/temporary/worldbuilder/worldmaker/bin/", "event_names": "CLOSE_WRITE,CLOSE", "event_filename": "spring"}
{"watched_filename": "/home/wonderfulkasey/temporary/worldbuilder/worldmaker/bin/", "event_names": "CLOSE_WRITE,CLOSE", "event_filename": "rake"}
{"watched_filename": "/home/wonderfulkasey/temporary/worldbuilder/worldmaker/bin/", "event_names": "CLOSE_WRITE,CLOSE", "event_filename": "rails"}
{"watched_filename": "/home/wonderfulkasey/temporary/worldbuilder/", "event_names": "MOVED_FROM,ISDIR", "event_filename": "worldmaker"}
{"watched_filename": "/home/wonderfulkasey/temporary/", "event_names": "MOVED_TO,ISDIR", "event_filename": "worldmaker"}
{"watched_filename": "/home/wonderfulkasey/temporary/worldbuilder/", "event_names": "DELETE,ISDIR", "event_filename": ".git"}
{"watched_filename": "/home/wonderfulkasey/temporary/worldbuilder/", "event_names": "DELETE", "event_filename": "Gemfile"}
{"watched_filename": "/home/wonderfulkasey/temporary/worldbuilder/", "event_names": "DELETE", "event_filename": "Gemfile.lock"}
{"watched_filename": "/home/wonderfulkasey/temporary/", "event_names": "DELETE,ISDIR", "event_filename": "worldbuilder"}
{"watched_filename": "/home/wonderfulkasey/temporary/worldbuilder/", "event_names": "DELETE_SELF", "event_filename": ""}
{"watched_filename": "/home/wonderfulkasey/temporary/worldmaker/", "event_names": "CLOSE_WRITE,CLOSE", "event_filename": "Gemfile"}
{"watched_filename": "/home/wonderfulkasey/temporary/worldmaker/", "event_names": "CLOSE_WRITE,CLOSE", "event_filename": "Gemfile"}
{"watched_filename": "/home/wonderfulkasey/temporary/worldmaker/app/assets/config/", "event_names": "CLOSE_WRITE,CLOSE", "event_filename": "manifest.js"}
